<?xml version="1.0" encoding="UTF-8"?>
<coverage generated="1523609369261" clover="3.2.0">
  <project timestamp="1523609369261" name="All files">
    <metrics statements="6" coveredstatements="6" conditionals="4" coveredconditionals="4" methods="2" coveredmethods="2" elements="12" coveredelements="12" complexity="0" loc="6" ncloc="6" packages="2" files="2" classes="2">
      <package name="project">
        <metrics statements="1" coveredstatements="1" conditionals="0" coveredconditionals="0" methods="0" coveredmethods="0"/>
        <file name="enzyme.config.js" path="C:\Users\student\Desktop\Milos\project\enzyme.config.js">
          <metrics statements="1" coveredstatements="1" conditionals="0" coveredconditionals="0" methods="0" coveredmethods="0"/>
          <line num="4" count="1" type="stmt"/>
        </file>
      </package>
      <package name="project.src.components">
        <metrics statements="5" coveredstatements="5" conditionals="4" coveredconditionals="4" methods="2" coveredmethods="2"/>
        <file name="Button.js" path="C:\Users\student\Desktop\Milos\project\src\components\Button.js">
          <metrics statements="5" coveredstatements="5" conditionals="4" coveredconditionals="4" methods="2" coveredmethods="2"/>
          <line num="12" count="2" type="cond" truecount="4" falsecount="0"/>
          <line num="13" count="1" type="stmt"/>
          <line num="16" count="1" type="stmt"/>
          <line num="20" count="4" type="stmt"/>
          <line num="21" count="4" type="stmt"/>
        </file>
      </package>
    </metrics>
  </project>
</coverage>
