{"C:\\Users\\student\\Desktop\\Milos\\project\\enzyme.config.js": {"path":"C:\\Users\\student\\Desktop\\Milos\\project\\enzyme.config.js","statementMap":{"0":{"start":{"line":4,"column":0},"end":{"line":4,"column":42}}},"fnMap":{},"branchMap":{},"s":{"0":1},"f":{},"b":{},"_coverageSchema":"332fd63041d2c1bcb487cc26dd0d5f7d97098a6c","hash":"c306ac306f388053a997eec2dcc7c6565f63fff9"}
,"C:\\Users\\student\\Desktop\\Milos\\project\\src\\components\\Button.js": {"path":"C:\\Users\\student\\Desktop\\Milos\\project\\src\\components\\Button.js","statementMap":{"0":{"start":{"line":12,"column":8},"end":{"line":14,"column":9}},"1":{"start":{"line":13,"column":12},"end":{"line":13,"column":25}},"2":{"start":{"line":16,"column":8},"end":{"line":16,"column":20}},"3":{"start":{"line":20,"column":8},"end":{"line":20,"column":37}},"4":{"start":{"line":21,"column":8},"end":{"line":25,"column":10}}},"fnMap":{"0":{"name":"(anonymous_0)","decl":{"start":{"line":11,"column":4},"end":{"line":11,"column":5}},"loc":{"start":{"line":11,"column":49},"end":{"line":17,"column":5}},"line":11},"1":{"name":"(anonymous_1)","decl":{"start":{"line":19,"column":4},"end":{"line":19,"column":5}},"loc":{"start":{"line":19,"column":14},"end":{"line":26,"column":5}},"line":19}},"branchMap":{"0":{"loc":{"start":{"line":12,"column":8},"end":{"line":14,"column":9}},"type":"if","locations":[{"start":{"line":12,"column":8},"end":{"line":14,"column":9}},{"start":{"line":12,"column":8},"end":{"line":14,"column":9}}],"line":12},"1":{"loc":{"start":{"line":12,"column":12},"end":{"line":12,"column":74}},"type":"binary-expr","locations":[{"start":{"line":12,"column":12},"end":{"line":12,"column":46}},{"start":{"line":12,"column":50},"end":{"line":12,"column":74}}],"line":12}},"s":{"0":2,"1":1,"2":1,"3":4,"4":4},"f":{"0":2,"1":4},"b":{"0":[1,1],"1":[2,1]},"_coverageSchema":"332fd63041d2c1bcb487cc26dd0d5f7d97098a6c","hash":"822a22b9c51ba989a19dbad1f7ed9404f244a178"}
}
